#
# There is insufficient memory for the Java Runtime Environment to continue.
# Native memory allocation (malloc) failed to allocate 1048576 bytes. Error detail: AllocateHeap
# Possible reasons:
#   The system is out of physical RAM or swap space
#   This process is running with CompressedOops enabled, and the Java Heap may be blocking the growth of the native heap
# Possible solutions:
#   Reduce memory load on the system
#   Increase physical memory or swap space
#   Check if swap backing store is full
#   Decrease Java heap size (-Xmx/-Xms)
#   Decrease number of Java threads
#   Decrease Java thread stack sizes (-Xss)
#   Set larger code cache with -XX:ReservedCodeCacheSize=
#   JVM is running with Unscaled Compressed Oops mode in which the Java heap is
#     placed in the first 4GB address space. The Java Heap base address is the
#     maximum limit for the native heap growth. Please use -XX:HeapBaseMinAddress
#     to set the Java Heap base and to place the Java Heap above 4GB virtual address.
# This output file may be truncated or incomplete.
#
#  Out of Memory Error (allocation.cpp:44), pid=4072, tid=15756
#
# JRE version:  (21.0.4+13) (build )
# Java VM: OpenJDK 64-Bit Server VM (21.0.4+13-b509.17, mixed mode, sharing, tiered, compressed oops, compressed class ptrs, g1 gc, windows-amd64)
# No core dump will be written. Minidumps are not enabled by default on client versions of Windows
#

---------------  S U M M A R Y ------------

Command Line: git4idea.http.GitAskPassApp Username for 'https://github.com': 

Host: Intel(R) Core(TM) i5-3320M CPU @ 2.60GHz, 4 cores, 5G,  Windows 10 , 64 bit Build 19041 (10.0.19041.5072)
Time: Sat Dec 14 05:24:50 2024 Egypt Standard Time elapsed time: 0.019752 seconds (0d 0h 0m 0s)

---------------  T H R E A D  ---------------

Current thread (0x00000143c69ae7e0):  JavaThread "Unknown thread" [_thread_in_vm, id=15756, stack(0x00000026e3a00000,0x00000026e3b00000) (1024K)]

Stack: [0x00000026e3a00000,0x00000026e3b00000]
Native frames: (J=compiled Java code, j=interpreted, Vv=VM code, C=native code)
V  [jvm.dll+0x6e36d9]
V  [jvm.dll+0x8c0bd3]
V  [jvm.dll+0x8c312e]
V  [jvm.dll+0x8c3813]
V  [jvm.dll+0x288256]
V  [jvm.dll+0xc08b7]
V  [jvm.dll+0x332675]
V  [jvm.dll+0x887ffd]
V  [jvm.dll+0x3c8ea8]
V  [jvm.dll+0x8711d8]
V  [jvm.dll+0x45d85e]
V  [jvm.dll+0x45f541]
C  [jli.dll+0x52ab]
C  [ucrtbase.dll+0x21bb2]
C  [KERNEL32.DLL+0x17374]
C  [ntdll.dll+0x4cc91]


---------------  P R O C E S S  ---------------

Threads class SMR info:
_java_thread_list=0x00007ffa2b9d2108, length=0, elements={
}

Java Threads: ( => current thread )
Total: 0

Other Threads:

=>0x00000143c69ae7e0 (exited) JavaThread "Unknown thread"    [_thread_in_vm, id=15756, stack(0x00000026e3a00000,0x00000026e3b00000) (1024K)]
Total: 1

Threads with active compile tasks:
Total: 0

VM state: not at safepoint (not fully initialized)

VM Mutex/Monitor currently owned by a thread: None

Heap address: 0x0000000000000000, size: 0 MB, Compressed Oops mode: 32-bit

CDS archive(s) mapped at: [0x0000000000000000-0x0000000000000000-0x0000000000000000), size 0, SharedBaseAddress: 0x0000000800000000, ArchiveRelocationMode: 1.
Narrow klass base: 0x0000000000000000, Narrow klass shift: 0, Narrow klass range: 0x0

GC Precious Log:
 CardTable entry size: 512
 Card Set container configuration: InlinePtr #cards 5 size 8 Array Of Cards #cards 12 size 40 Howl #buckets 4 coarsen threshold 1843 Howl Bitmap #cards 512 size 80 coarsen threshold 460 Card regions per heap region 1 cards per card region 2048

GC Heap History (0 events):
No events

Dll operation events (1 events):
Event: 0.013 Loaded shared library C:\Program Files\JetBrains\IntelliJ IDEA Community Edition 2024.2.3\jbr\bin\java.dll

Deoptimization events (0 events):
No events

Classes loaded (0 events):
No events

Classes unloaded (0 events):
No events

Classes redefined (0 events):
No events

Internal exceptions (0 events):
No events

ZGC Phase Switch (0 events):
No events

VM Operations (0 events):
No events

Memory protections (0 events):
No events

Nmethod flushes (0 events):
No events

Events (0 events):
No events


Dynamic libraries:
0x00007ff66fd00000 - 0x00007ff66fd0a000 	C:\Program Files\JetBrains\IntelliJ IDEA Community Edition 2024.2.3\jbr\bin\java.exe
0x00007ffacc9f0000 - 0x00007ffaccbe8000 	C:\WINDOWS\SYSTEM32\ntdll.dll
0x00007ffacae90000 - 0x00007ffacaf52000 	C:\WINDOWS\System32\KERNEL32.DLL
0x00007ffaca310000 - 0x00007ffaca60e000 	C:\WINDOWS\System32\KERNELBASE.dll
0x00007ffaca880000 - 0x00007ffaca980000 	C:\WINDOWS\System32\ucrtbase.dll
0x00007ffabb000000 - 0x00007ffabb018000 	C:\Program Files\JetBrains\IntelliJ IDEA Community Edition 2024.2.3\jbr\bin\jli.dll
0x00007ffac72e0000 - 0x00007ffac72fb000 	C:\Program Files\JetBrains\IntelliJ IDEA Community Edition 2024.2.3\jbr\bin\VCRUNTIME140.dll
0x00007ffacac10000 - 0x00007ffacadad000 	C:\WINDOWS\System32\USER32.dll
0x00007ffaca850000 - 0x00007ffaca872000 	C:\WINDOWS\System32\win32u.dll
0x00007ffacbd40000 - 0x00007ffacbd6b000 	C:\WINDOWS\System32\GDI32.dll
0x00007ffaca1f0000 - 0x00007ffaca307000 	C:\WINDOWS\System32\gdi32full.dll
0x00007ffaca6b0000 - 0x00007ffaca74d000 	C:\WINDOWS\System32\msvcp_win.dll
0x00007ffaa70a0000 - 0x00007ffaa733a000 	C:\WINDOWS\WinSxS\amd64_microsoft.windows.common-controls_6595b64144ccf1df_6.0.19041.4355_none_60b8b9eb71f62e16\COMCTL32.dll
0x00007ffacbdf0000 - 0x00007ffacbe8e000 	C:\WINDOWS\System32\msvcrt.dll
0x00007ffacc980000 - 0x00007ffacc9af000 	C:\WINDOWS\System32\IMM32.DLL
0x00007ffac7640000 - 0x00007ffac764c000 	C:\Program Files\JetBrains\IntelliJ IDEA Community Edition 2024.2.3\jbr\bin\vcruntime140_1.dll
0x00007ffa81f00000 - 0x00007ffa81f8d000 	C:\Program Files\JetBrains\IntelliJ IDEA Community Edition 2024.2.3\jbr\bin\msvcp140.dll
0x00007ffa2ad80000 - 0x00007ffa2bb37000 	C:\Program Files\JetBrains\IntelliJ IDEA Community Edition 2024.2.3\jbr\bin\server\jvm.dll
0x00007ffacb530000 - 0x00007ffacb5e1000 	C:\WINDOWS\System32\ADVAPI32.dll
0x00007ffacaf60000 - 0x00007ffacafff000 	C:\WINDOWS\System32\sechost.dll
0x00007ffacaae0000 - 0x00007ffacac03000 	C:\WINDOWS\System32\RPCRT4.dll
0x00007ffaca680000 - 0x00007ffaca6a7000 	C:\WINDOWS\System32\bcrypt.dll
0x00007ffacbc20000 - 0x00007ffacbc8b000 	C:\WINDOWS\System32\WS2_32.dll
0x00007ffac95d0000 - 0x00007ffac961b000 	C:\WINDOWS\SYSTEM32\POWRPROF.dll
0x00007ffaa5170000 - 0x00007ffaa5197000 	C:\WINDOWS\SYSTEM32\WINMM.dll
0x00007ffabd840000 - 0x00007ffabd84a000 	C:\WINDOWS\SYSTEM32\VERSION.dll
0x00007ffac9490000 - 0x00007ffac94a2000 	C:\WINDOWS\SYSTEM32\UMPDC.dll
0x00007ffac7f10000 - 0x00007ffac7f22000 	C:\WINDOWS\SYSTEM32\kernel.appcore.dll
0x00007ffac7430000 - 0x00007ffac743a000 	C:\Program Files\JetBrains\IntelliJ IDEA Community Edition 2024.2.3\jbr\bin\jimage.dll
0x00007ffabbf80000 - 0x00007ffabc164000 	C:\WINDOWS\SYSTEM32\DBGHELP.DLL
0x00007ffabc1a0000 - 0x00007ffabc1d4000 	C:\WINDOWS\SYSTEM32\dbgcore.DLL
0x00007ffaca980000 - 0x00007ffacaa02000 	C:\WINDOWS\System32\bcryptPrimitives.dll
0x00007ffac4930000 - 0x00007ffac494f000 	C:\Program Files\JetBrains\IntelliJ IDEA Community Edition 2024.2.3\jbr\bin\java.dll

dbghelp: loaded successfully - version: 4.0.5 - missing functions: none
symbol engine: initialized successfully - sym options: 0x614 - pdb path: .;C:\Program Files\JetBrains\IntelliJ IDEA Community Edition 2024.2.3\jbr\bin;C:\WINDOWS\SYSTEM32;C:\WINDOWS\WinSxS\amd64_microsoft.windows.common-controls_6595b64144ccf1df_6.0.19041.4355_none_60b8b9eb71f62e16;C:\Program Files\JetBrains\IntelliJ IDEA Community Edition 2024.2.3\jbr\bin\server

VM Arguments:
java_command: git4idea.http.GitAskPassApp Username for 'https://github.com': 
java_class_path (initial): C:/Program Files/JetBrains/IntelliJ IDEA Community Edition 2024.2.3/plugins/vcs-git/lib/git4idea-rt.jar;C:/Program Files/JetBrains/IntelliJ IDEA Community Edition 2024.2.3/lib/externalProcess-rt.jar
Launcher Type: SUN_STANDARD

[Global flags]
     intx CICompilerCount                          = 3                                         {product} {ergonomic}
     uint ConcGCThreads                            = 1                                         {product} {ergonomic}
     uint G1ConcRefinementThreads                  = 4                                         {product} {ergonomic}
   size_t G1HeapRegionSize                         = 1048576                                   {product} {ergonomic}
    uintx GCDrainStackTargetSize                   = 64                                        {product} {ergonomic}
   size_t InitialHeapSize                          = 94371840                                  {product} {ergonomic}
   size_t MarkStackSize                            = 4194304                                   {product} {ergonomic}
   size_t MaxHeapSize                              = 1495269376                                {product} {ergonomic}
   size_t MinHeapDeltaBytes                        = 1048576                                   {product} {ergonomic}
   size_t MinHeapSize                              = 8388608                                   {product} {ergonomic}
    uintx NonNMethodCodeHeapSize                   = 5832780                                {pd product} {ergonomic}
    uintx NonProfiledCodeHeapSize                  = 122912730                              {pd product} {ergonomic}
    uintx ProfiledCodeHeapSize                     = 122912730                              {pd product} {ergonomic}
    uintx ReservedCodeCacheSize                    = 251658240                              {pd product} {ergonomic}
     bool SegmentedCodeCache                       = true                                      {product} {ergonomic}
   size_t SoftMaxHeapSize                          = 1495269376                             {manageable} {ergonomic}
     bool UseCompressedOops                        = true                           {product lp64_product} {ergonomic}
     bool UseG1GC                                  = true                                      {product} {ergonomic}
     bool UseLargePagesIndividualAllocation        = false                                  {pd product} {ergonomic}

Logging:
Log output configuration:
 #0: stdout all=warning uptime,level,tags foldmultilines=false
 #1: stderr all=off uptime,level,tags foldmultilines=false

Environment Variables:
PATH=C:/Program Files/Git/mingw64/libexec/git-core;C:/Program Files/Git/mingw64/libexec/git-core;C:\Program Files\Git\mingw64\bin;C:\Program Files\Git\usr\bin;C:\Users\Hosam\bin;C:\Oracle\Middleware\Oracle_FRHome1\bin;D:\app\Hosam\product\11.2.0\dbhome_1\bin;C:\Program Files\Common Files\Oracle\Java\javapath;C:\Program Files (x86)\Common Files\Oracle\Java\java8path;C:\Program Files (x86)\Common Files\Oracle\Java\javapath;C:\WINDOWS\system32;C:\WINDOWS;C:\WINDOWS\System32\Wbem;C:\WINDOWS\System32\WindowsPowerShell\v1.0\;C:\WINDOWS\System32\OpenSSH\;C:\Program Files (x86)\Microsoft SQL Server\110\Tools\Binn\;C:\Program Files\Microsoft SQL Server\110\Tools\Binn\;C:\Program Files\Microsoft SQL Server\110\DTS\Binn\;C:\Program Files (x86)\Microsoft SQL Server\110\Tools\Binn\ManagementStudio\;C:\Program Files (x86)\Microsoft Visual Studio 10.0\Common7\IDE\PrivateAssemblies\;C:\Program Files (x86)\Microsoft SQL Server\110\DTS\Binn\;C:\Program Files\Cloudflare\Cloudflare WARP\;C:\msys64\mingw64\bin;C:\Program Files (x86)\Windows Kits\10\Windows Performance Toolkit\;C:\Program Files\dotnet\;C:\Program Files\Git\cmd;C:\Oracle\Middleware\Oracle_FRHome1\opmn\bin;C:\Oracle\Middleware\Oracle_FRHome1\opmn\lib;C:\Oracle\Middleware\Oracle_FRHome1\perl\bin;C:\Users\Hosam\AppData\Local\Microsoft\WindowsApps;C:\MinGW\bin;C:\Users\Hosam\AppData\Local\Programs\Microsoft VS Code\bin;C:\Users\Hosam\.dotnet\tools
USERNAME=Hosam
LD_LIBRARY_PATH=C:\Oracle\Middleware\Oracle_FRHome1\lib
DISPLAY=:0.0
LC_ALL=en_US.UTF-8
TERM=xterm-256color
TMPDIR=C:\Users\Hosam\AppData\Local\Temp
OS=Windows_NT
PROCESSOR_IDENTIFIER=Intel64 Family 6 Model 58 Stepping 9, GenuineIntel
TMP=C:\Users\Hosam\AppData\Local\Temp
TEMP=C:\Users\Hosam\AppData\Local\Temp




Periodic native trim disabled

JNI global refs:
JNI global refs: 0, weak refs: 0

JNI global refs memory usage: 0, weak refs: 0

Process memory usage:
Resident Set Size: 10128K (0% of 5837016K total physical memory with 647572K free physical memory)

OOME stack traces (most recent first):
Classloader memory used:

---------------  S Y S T E M  ---------------

OS:
 Windows 10 , 64 bit Build 19041 (10.0.19041.5072)
OS uptime: 21 days 4:02 hours

CPU: total 4 (initial active 4) (2 cores per cpu, 2 threads per core) family 6 model 58 stepping 9 microcode 0x21, cx8, cmov, fxsr, ht, mmx, sse, sse2, sse3, ssse3, sse4.1, sse4.2, popcnt, tsc, tscinvbit, avx, aes, erms, clmul, vzeroupper, clflush, rdtscp, f16c
Processor Information for all 4 processors :
  Max Mhz: 2601, Current Mhz: 2601, Mhz Limit: 2601

Memory: 4k page, system-wide physical 5700M (632M free)
TotalPageFile size 20818M (AvailPageFile size 5M)
current process WorkingSet (physical memory assigned to process): 9M, peak: 9M
current process commit charge ("private bytes"): 13M, peak: 14M

vm_info: OpenJDK 64-Bit Server VM (21.0.4+13-b509.17) for windows-amd64 JRE (21.0.4+13-b509.17), built on 2024-09-04 by "builduser" with MS VC++ 16.10 / 16.11 (VS2019)

END.
